[ 2015-03-10T19:29:15+08:00 ] 127.0.0.1 /
INFO: [ app_init ] --START--
INFO: Run Behavior\BuildLiteBehavior [ RunTime:0.000000s ]
INFO: [ app_init ] --END-- [ RunTime:0.001000s ]
INFO: [ app_begin ] --START--
INFO: Run Behavior\ReadHtmlCacheBehavior [ RunTime:0.000000s ]
INFO: [ app_begin ] --END-- [ RunTime:0.000000s ]
NOTIC: [8192] mysql_connect(): The mysql extension is deprecated and will be removed in the future: use mysqli or PDO instead F:\wamp\www\tp_ubive\ThinkPHP\Library\Think\Db\Driver\Mysql.class.php 第 52 行.
SQL: SHOW COLUMNS FROM `index` [ RunTime:0.004000s ]
ERR: 1146:Table 'cmeal.index' doesn't exist
 [ SQL语句 ] : SHOW COLUMNS FROM `index`
SQL: SHOW COLUMNS FROM `ads` [ RunTime:0.040003s ]
SQL: SELECT * FROM `ads` WHERE ( status=1 ) ORDER BY updated LIMIT 5   [ RunTime:0.046002s ]
SQL: SHOW COLUMNS FROM `categories` [ RunTime:0.010001s ]
SQL: SELECT * FROM `categories` WHERE ( status=1 ) ORDER BY sort_weight  [ RunTime:0.063004s ]
SQL: SHOW COLUMNS FROM `products` [ RunTime:0.037002s ]
SQL: SELECT * FROM `products` WHERE `status` = 1 AND ( `parent_cid` = 1 OR `cid` = 1 ) ORDER BY updated desc  [ RunTime:0.012001s ]
SQL: SHOW COLUMNS FROM `products` [ RunTime:0.003000s ]
SQL: SELECT * FROM `products` WHERE `status` = 1 AND ( `parent_cid` = 5 OR `cid` = 5 ) ORDER BY updated desc  [ RunTime:0.001000s ]
SQL: SHOW COLUMNS FROM `products` [ RunTime:0.002000s ]
SQL: SELECT * FROM `products` WHERE `status` = 1 AND ( `parent_cid` = 4 OR `cid` = 4 ) ORDER BY updated desc  [ RunTime:0.001000s ]
SQL: SHOW COLUMNS FROM `products` [ RunTime:0.003000s ]
SQL: SELECT * FROM `products` WHERE `status` = 1 AND ( `parent_cid` = 9 OR `cid` = 9 ) ORDER BY updated desc  [ RunTime:0.001000s ]
SQL: SHOW COLUMNS FROM `products` [ RunTime:0.003001s ]
SQL: SELECT * FROM `products` WHERE `status` = 1 AND ( `parent_cid` = 10 OR `cid` = 10 ) ORDER BY updated desc  [ RunTime:0.000000s ]
SQL: SHOW COLUMNS FROM `products` [ RunTime:0.002000s ]
SQL: SELECT * FROM `products` WHERE `status` = 1 AND ( `parent_cid` = 11 OR `cid` = 11 ) ORDER BY updated desc  [ RunTime:0.001000s ]
SQL: SHOW COLUMNS FROM `products` [ RunTime:0.003000s ]
SQL: SELECT * FROM `products` WHERE `status` = 1 AND ( `parent_cid` = 12 OR `cid` = 12 ) ORDER BY updated desc  [ RunTime:0.000000s ]
SQL: SHOW COLUMNS FROM `products` [ RunTime:0.003000s ]
SQL: SELECT * FROM `products` WHERE `status` = 1 AND ( `parent_cid` = 13 OR `cid` = 13 ) ORDER BY updated desc  [ RunTime:0.000000s ]
SQL: SHOW COLUMNS FROM `products` [ RunTime:0.002001s ]
SQL: SELECT * FROM `products` WHERE `status` = 1 AND ( `parent_cid` = 14 OR `cid` = 14 ) ORDER BY updated desc  [ RunTime:0.001000s ]
INFO: [ view_parse ] --START--
INFO: [ template_filter ] --START--
INFO: Run Behavior\ContentReplaceBehavior [ RunTime:0.000000s ]
INFO: [ template_filter ] --END-- [ RunTime:0.000000s ]
INFO: Run Behavior\ParseTemplateBehavior [ RunTime:0.206011s ]
INFO: [ view_parse ] --END-- [ RunTime:0.207011s ]
INFO: [ view_filter ] --START--
INFO: Run Behavior\WriteHtmlCacheBehavior [ RunTime:0.001001s ]
INFO: [ view_filter ] --END-- [ RunTime:0.001001s ]
INFO: [ app_end ] --START--
INFO: Run Behavior\ShowPageTraceBehavior [ RunTime:0.001000s ]
INFO: [ app_end ] --END-- [ RunTime:0.001000s ]

[ 2015-03-10T19:30:17+08:00 ] 127.0.0.1 /
INFO: [ app_init ] --START--
INFO: Run Behavior\BuildLiteBehavior [ RunTime:0.000000s ]
INFO: [ app_init ] --END-- [ RunTime:0.000000s ]
INFO: [ app_begin ] --START--
INFO: Run Behavior\ReadHtmlCacheBehavior [ RunTime:0.000000s ]
INFO: [ app_begin ] --END-- [ RunTime:0.001000s ]
NOTIC: [8192] mysql_connect(): The mysql extension is deprecated and will be removed in the future: use mysqli or PDO instead F:\wamp\www\tp_ubive\ThinkPHP\Library\Think\Db\Driver\Mysql.class.php 第 52 行.
SQL: SHOW COLUMNS FROM `index` [ RunTime:0.002000s ]
ERR: 1146:Table 'cmeal.index' doesn't exist
 [ SQL语句 ] : SHOW COLUMNS FROM `index`
SQL: SHOW COLUMNS FROM `ads` [ RunTime:0.003000s ]
SQL: SELECT * FROM `ads` WHERE ( status=1 ) ORDER BY updated LIMIT 5   [ RunTime:0.001000s ]
SQL: SHOW COLUMNS FROM `categories` [ RunTime:0.005000s ]
SQL: SELECT * FROM `categories` WHERE ( status=1 ) ORDER BY sort_weight  [ RunTime:0.001000s ]
SQL: SHOW COLUMNS FROM `products` [ RunTime:0.003000s ]
SQL: SELECT * FROM `products` WHERE `status` = 1 AND ( `parent_cid` = 1 OR `cid` = 1 ) ORDER BY updated desc  [ RunTime:0.000000s ]
SQL: SHOW COLUMNS FROM `products` [ RunTime:0.002000s ]
SQL: SELECT * FROM `products` WHERE `status` = 1 AND ( `parent_cid` = 5 OR `cid` = 5 ) ORDER BY updated desc  [ RunTime:0.000000s ]
SQL: SHOW COLUMNS FROM `products` [ RunTime:0.005000s ]
SQL: SELECT * FROM `products` WHERE `status` = 1 AND ( `parent_cid` = 4 OR `cid` = 4 ) ORDER BY updated desc  [ RunTime:0.000000s ]
SQL: SHOW COLUMNS FROM `products` [ RunTime:0.003001s ]
SQL: SELECT * FROM `products` WHERE `status` = 1 AND ( `parent_cid` = 9 OR `cid` = 9 ) ORDER BY updated desc  [ RunTime:0.001000s ]
SQL: SHOW COLUMNS FROM `products` [ RunTime:0.003000s ]
SQL: SELECT * FROM `products` WHERE `status` = 1 AND ( `parent_cid` = 10 OR `cid` = 10 ) ORDER BY updated desc  [ RunTime:0.000000s ]
SQL: SHOW COLUMNS FROM `products` [ RunTime:0.005000s ]
SQL: SELECT * FROM `products` WHERE `status` = 1 AND ( `parent_cid` = 11 OR `cid` = 11 ) ORDER BY updated desc  [ RunTime:0.000000s ]
SQL: SHOW COLUMNS FROM `products` [ RunTime:0.003001s ]
SQL: SELECT * FROM `products` WHERE `status` = 1 AND ( `parent_cid` = 12 OR `cid` = 12 ) ORDER BY updated desc  [ RunTime:0.001000s ]
SQL: SHOW COLUMNS FROM `products` [ RunTime:0.003000s ]
SQL: SELECT * FROM `products` WHERE `status` = 1 AND ( `parent_cid` = 13 OR `cid` = 13 ) ORDER BY updated desc  [ RunTime:0.000000s ]
SQL: SHOW COLUMNS FROM `products` [ RunTime:0.003000s ]
SQL: SELECT * FROM `products` WHERE `status` = 1 AND ( `parent_cid` = 14 OR `cid` = 14 ) ORDER BY updated desc  [ RunTime:0.000000s ]
INFO: [ view_parse ] --START--
INFO: [ template_filter ] --START--
INFO: Run Behavior\ContentReplaceBehavior [ RunTime:0.001000s ]
INFO: [ template_filter ] --END-- [ RunTime:0.001000s ]
INFO: Run Behavior\ParseTemplateBehavior [ RunTime:0.030002s ]
INFO: [ view_parse ] --END-- [ RunTime:0.031002s ]
INFO: [ view_filter ] --START--
INFO: Run Behavior\WriteHtmlCacheBehavior [ RunTime:0.000000s ]
INFO: [ view_filter ] --END-- [ RunTime:0.000000s ]
INFO: [ app_end ] --START--
INFO: Run Behavior\ShowPageTraceBehavior [ RunTime:0.001000s ]
INFO: [ app_end ] --END-- [ RunTime:0.001000s ]

[ 2015-03-10T19:30:24+08:00 ] 127.0.0.1 /product/item?id=1
INFO: [ app_init ] --START--
INFO: Run Behavior\BuildLiteBehavior [ RunTime:0.000000s ]
INFO: [ app_init ] --END-- [ RunTime:0.001000s ]
INFO: [ app_begin ] --START--
INFO: Run Behavior\ReadHtmlCacheBehavior [ RunTime:0.000000s ]
INFO: [ app_begin ] --END-- [ RunTime:0.001000s ]
NOTIC: [8] Use of undefined constant id - assumed 'id' F:\wamp\www\tp_ubive\Application\Home\Controller\ProductController.class.php 第 6 行.
NOTIC: [8192] mysql_connect(): The mysql extension is deprecated and will be removed in the future: use mysqli or PDO instead F:\wamp\www\tp_ubive\ThinkPHP\Library\Think\Db\Driver\Mysql.class.php 第 52 行.
SQL: SHOW COLUMNS FROM `product` [ RunTime:0.006000s ]
ERR: 1146:Table 'cmeal.product' doesn't exist
 [ SQL语句 ] : SHOW COLUMNS FROM `product`
SQL: SHOW COLUMNS FROM `products` [ RunTime:0.005001s ]
SQL: SELECT * FROM `products` WHERE `status` = 1 AND `pid` = '1' LIMIT 1   [ RunTime:0.000000s ]
SQL: SHOW COLUMNS FROM `shop` [ RunTime:0.006000s ]
SQL: SELECT * FROM `shop` WHERE `sid` = '2' LIMIT 1   [ RunTime:0.000000s ]
INFO: [ view_parse ] --START--
INFO: [ template_filter ] --START--
INFO: Run Behavior\ContentReplaceBehavior [ RunTime:0.000000s ]
INFO: [ template_filter ] --END-- [ RunTime:0.000000s ]
INFO: Run Behavior\ParseTemplateBehavior [ RunTime:0.058003s ]
INFO: [ view_parse ] --END-- [ RunTime:0.058003s ]
INFO: [ view_filter ] --START--
INFO: Run Behavior\WriteHtmlCacheBehavior [ RunTime:0.000000s ]
INFO: [ view_filter ] --END-- [ RunTime:0.001000s ]
INFO: [ app_end ] --START--
INFO: Run Behavior\ShowPageTraceBehavior [ RunTime:0.000000s ]
INFO: [ app_end ] --END-- [ RunTime:0.000000s ]

[ 2015-03-10T19:30:31+08:00 ] 127.0.0.1 /index.php?app=cart&act=add&spec_id=1975&quantity=1
INFO: [ app_init ] --START--
INFO: Run Behavior\BuildLiteBehavior [ RunTime:0.000000s ]
INFO: [ app_init ] --END-- [ RunTime:0.000000s ]
INFO: [ app_begin ] --START--
INFO: Run Behavior\ReadHtmlCacheBehavior [ RunTime:0.000000s ]
INFO: [ app_begin ] --END-- [ RunTime:0.001000s ]
NOTIC: [8192] mysql_connect(): The mysql extension is deprecated and will be removed in the future: use mysqli or PDO instead F:\wamp\www\tp_ubive\ThinkPHP\Library\Think\Db\Driver\Mysql.class.php 第 52 行.
SQL: SHOW COLUMNS FROM `index` [ RunTime:0.003000s ]
ERR: 1146:Table 'cmeal.index' doesn't exist
 [ SQL语句 ] : SHOW COLUMNS FROM `index`
SQL: SHOW COLUMNS FROM `ads` [ RunTime:0.003000s ]
SQL: SELECT * FROM `ads` WHERE ( status=1 ) ORDER BY updated LIMIT 5   [ RunTime:0.000000s ]
SQL: SHOW COLUMNS FROM `categories` [ RunTime:0.003001s ]
SQL: SELECT * FROM `categories` WHERE ( status=1 ) ORDER BY sort_weight  [ RunTime:0.000000s ]
SQL: SHOW COLUMNS FROM `products` [ RunTime:0.003000s ]
SQL: SELECT * FROM `products` WHERE `status` = 1 AND ( `parent_cid` = 1 OR `cid` = 1 ) ORDER BY updated desc  [ RunTime:0.000000s ]
SQL: SHOW COLUMNS FROM `products` [ RunTime:0.002000s ]
SQL: SELECT * FROM `products` WHERE `status` = 1 AND ( `parent_cid` = 5 OR `cid` = 5 ) ORDER BY updated desc  [ RunTime:0.001000s ]
SQL: SHOW COLUMNS FROM `products` [ RunTime:0.003001s ]
SQL: SELECT * FROM `products` WHERE `status` = 1 AND ( `parent_cid` = 4 OR `cid` = 4 ) ORDER BY updated desc  [ RunTime:0.000000s ]
SQL: SHOW COLUMNS FROM `products` [ RunTime:0.003000s ]
SQL: SELECT * FROM `products` WHERE `status` = 1 AND ( `parent_cid` = 9 OR `cid` = 9 ) ORDER BY updated desc  [ RunTime:0.000000s ]
SQL: SHOW COLUMNS FROM `products` [ RunTime:0.002000s ]
SQL: SELECT * FROM `products` WHERE `status` = 1 AND ( `parent_cid` = 10 OR `cid` = 10 ) ORDER BY updated desc  [ RunTime:0.001000s ]
SQL: SHOW COLUMNS FROM `products` [ RunTime:0.002000s ]
SQL: SELECT * FROM `products` WHERE `status` = 1 AND ( `parent_cid` = 11 OR `cid` = 11 ) ORDER BY updated desc  [ RunTime:0.000000s ]
SQL: SHOW COLUMNS FROM `products` [ RunTime:0.003001s ]
SQL: SELECT * FROM `products` WHERE `status` = 1 AND ( `parent_cid` = 12 OR `cid` = 12 ) ORDER BY updated desc  [ RunTime:0.000000s ]
SQL: SHOW COLUMNS FROM `products` [ RunTime:0.003000s ]
SQL: SELECT * FROM `products` WHERE `status` = 1 AND ( `parent_cid` = 13 OR `cid` = 13 ) ORDER BY updated desc  [ RunTime:0.001000s ]
SQL: SHOW COLUMNS FROM `products` [ RunTime:0.003000s ]
SQL: SELECT * FROM `products` WHERE `status` = 1 AND ( `parent_cid` = 14 OR `cid` = 14 ) ORDER BY updated desc  [ RunTime:0.000000s ]
INFO: [ view_parse ] --START--
INFO: [ template_filter ] --START--
INFO: Run Behavior\ContentReplaceBehavior [ RunTime:0.000000s ]
INFO: [ template_filter ] --END-- [ RunTime:0.000000s ]
INFO: Run Behavior\ParseTemplateBehavior [ RunTime:0.027002s ]
INFO: [ view_parse ] --END-- [ RunTime:0.027002s ]
INFO: [ view_filter ] --START--
INFO: Run Behavior\WriteHtmlCacheBehavior [ RunTime:0.001000s ]
INFO: [ view_filter ] --END-- [ RunTime:0.001000s ]
INFO: [ app_end ] --START--
INFO: Run Behavior\ShowPageTraceBehavior [ RunTime:0.001000s ]
INFO: [ app_end ] --END-- [ RunTime:0.001000s ]

[ 2015-03-10T19:32:00+08:00 ] 127.0.0.1 /
INFO: [ app_init ] --START--
INFO: Run Behavior\BuildLiteBehavior [ RunTime:0.000000s ]
INFO: [ app_init ] --END-- [ RunTime:0.001000s ]
INFO: [ app_begin ] --START--
INFO: Run Behavior\ReadHtmlCacheBehavior [ RunTime:0.001000s ]
INFO: [ app_begin ] --END-- [ RunTime:0.001000s ]
NOTIC: [8192] mysql_connect(): The mysql extension is deprecated and will be removed in the future: use mysqli or PDO instead F:\wamp\www\tp_ubive\ThinkPHP\Library\Think\Db\Driver\Mysql.class.php 第 52 行.
SQL: SHOW COLUMNS FROM `index` [ RunTime:0.002000s ]
ERR: 1146:Table 'cmeal.index' doesn't exist
 [ SQL语句 ] : SHOW COLUMNS FROM `index`
SQL: SHOW COLUMNS FROM `ads` [ RunTime:0.005000s ]
SQL: SELECT * FROM `ads` WHERE ( status=1 ) ORDER BY updated LIMIT 5   [ RunTime:0.000000s ]
SQL: SHOW COLUMNS FROM `categories` [ RunTime:0.003000s ]
SQL: SELECT * FROM `categories` WHERE ( status=1 ) ORDER BY sort_weight  [ RunTime:0.000000s ]
SQL: SHOW COLUMNS FROM `products` [ RunTime:0.003000s ]
SQL: SELECT * FROM `products` WHERE `status` = 1 AND ( `parent_cid` = 1 OR `cid` = 1 ) ORDER BY updated desc  [ RunTime:0.000000s ]
SQL: SHOW COLUMNS FROM `products` [ RunTime:0.005000s ]
SQL: SELECT * FROM `products` WHERE `status` = 1 AND ( `parent_cid` = 5 OR `cid` = 5 ) ORDER BY updated desc  [ RunTime:0.000000s ]
SQL: SHOW COLUMNS FROM `products` [ RunTime:0.004000s ]
SQL: SELECT * FROM `products` WHERE `status` = 1 AND ( `parent_cid` = 4 OR `cid` = 4 ) ORDER BY updated desc  [ RunTime:0.000000s ]
SQL: SHOW COLUMNS FROM `products` [ RunTime:0.004000s ]
SQL: SELECT * FROM `products` WHERE `status` = 1 AND ( `parent_cid` = 9 OR `cid` = 9 ) ORDER BY updated desc  [ RunTime:0.001000s ]
SQL: SHOW COLUMNS FROM `products` [ RunTime:0.005000s ]
SQL: SELECT * FROM `products` WHERE `status` = 1 AND ( `parent_cid` = 10 OR `cid` = 10 ) ORDER BY updated desc  [ RunTime:0.000000s ]
SQL: SHOW COLUMNS FROM `products` [ RunTime:0.003001s ]
SQL: SELECT * FROM `products` WHERE `status` = 1 AND ( `parent_cid` = 11 OR `cid` = 11 ) ORDER BY updated desc  [ RunTime:0.000000s ]
SQL: SHOW COLUMNS FROM `products` [ RunTime:0.004000s ]
SQL: SELECT * FROM `products` WHERE `status` = 1 AND ( `parent_cid` = 12 OR `cid` = 12 ) ORDER BY updated desc  [ RunTime:0.000000s ]
SQL: SHOW COLUMNS FROM `products` [ RunTime:0.004000s ]
SQL: SELECT * FROM `products` WHERE `status` = 1 AND ( `parent_cid` = 13 OR `cid` = 13 ) ORDER BY updated desc  [ RunTime:0.000000s ]
SQL: SHOW COLUMNS FROM `products` [ RunTime:0.005000s ]
SQL: SELECT * FROM `products` WHERE `status` = 1 AND ( `parent_cid` = 14 OR `cid` = 14 ) ORDER BY updated desc  [ RunTime:0.002000s ]
INFO: [ view_parse ] --START--
INFO: [ template_filter ] --START--
INFO: Run Behavior\ContentReplaceBehavior [ RunTime:0.001000s ]
INFO: [ template_filter ] --END-- [ RunTime:0.001000s ]
INFO: Run Behavior\ParseTemplateBehavior [ RunTime:0.035002s ]
INFO: [ view_parse ] --END-- [ RunTime:0.035002s ]
INFO: [ view_filter ] --START--
INFO: Run Behavior\WriteHtmlCacheBehavior [ RunTime:0.001000s ]
INFO: [ view_filter ] --END-- [ RunTime:0.001000s ]
INFO: [ app_end ] --START--
INFO: Run Behavior\ShowPageTraceBehavior [ RunTime:0.001000s ]
INFO: [ app_end ] --END-- [ RunTime:0.001000s ]

[ 2015-03-10T19:32:01+08:00 ] 127.0.0.1 /
INFO: [ app_init ] --START--
INFO: Run Behavior\BuildLiteBehavior [ RunTime:0.000000s ]
INFO: [ app_init ] --END-- [ RunTime:0.001001s ]
INFO: [ app_begin ] --START--
INFO: Run Behavior\ReadHtmlCacheBehavior [ RunTime:0.001000s ]
INFO: [ app_begin ] --END-- [ RunTime:0.001000s ]
NOTIC: [8192] mysql_connect(): The mysql extension is deprecated and will be removed in the future: use mysqli or PDO instead F:\wamp\www\tp_ubive\ThinkPHP\Library\Think\Db\Driver\Mysql.class.php 第 52 行.
SQL: SHOW COLUMNS FROM `index` [ RunTime:0.002000s ]
ERR: 1146:Table 'cmeal.index' doesn't exist
 [ SQL语句 ] : SHOW COLUMNS FROM `index`
SQL: SHOW COLUMNS FROM `ads` [ RunTime:0.004001s ]
SQL: SELECT * FROM `ads` WHERE ( status=1 ) ORDER BY updated LIMIT 5   [ RunTime:0.001000s ]
SQL: SHOW COLUMNS FROM `categories` [ RunTime:0.003000s ]
SQL: SELECT * FROM `categories` WHERE ( status=1 ) ORDER BY sort_weight  [ RunTime:0.001000s ]
SQL: SHOW COLUMNS FROM `products` [ RunTime:0.003000s ]
SQL: SELECT * FROM `products` WHERE `status` = 1 AND ( `parent_cid` = 1 OR `cid` = 1 ) ORDER BY updated desc  [ RunTime:0.000000s ]
SQL: SHOW COLUMNS FROM `products` [ RunTime:0.003000s ]
SQL: SELECT * FROM `products` WHERE `status` = 1 AND ( `parent_cid` = 5 OR `cid` = 5 ) ORDER BY updated desc  [ RunTime:0.001000s ]
SQL: SHOW COLUMNS FROM `products` [ RunTime:0.003001s ]
SQL: SELECT * FROM `products` WHERE `status` = 1 AND ( `parent_cid` = 4 OR `cid` = 4 ) ORDER BY updated desc  [ RunTime:0.001000s ]
SQL: SHOW COLUMNS FROM `products` [ RunTime:0.003000s ]
SQL: SELECT * FROM `products` WHERE `status` = 1 AND ( `parent_cid` = 9 OR `cid` = 9 ) ORDER BY updated desc  [ RunTime:0.000000s ]
SQL: SHOW COLUMNS FROM `products` [ RunTime:0.002000s ]
SQL: SELECT * FROM `products` WHERE `status` = 1 AND ( `parent_cid` = 10 OR `cid` = 10 ) ORDER BY updated desc  [ RunTime:0.001000s ]
SQL: SHOW COLUMNS FROM `products` [ RunTime:0.003000s ]
SQL: SELECT * FROM `products` WHERE `status` = 1 AND ( `parent_cid` = 11 OR `cid` = 11 ) ORDER BY updated desc  [ RunTime:0.000000s ]
SQL: SHOW COLUMNS FROM `products` [ RunTime:0.003000s ]
SQL: SELECT * FROM `products` WHERE `status` = 1 AND ( `parent_cid` = 12 OR `cid` = 12 ) ORDER BY updated desc  [ RunTime:0.000000s ]
SQL: SHOW COLUMNS FROM `products` [ RunTime:0.003000s ]
SQL: SELECT * FROM `products` WHERE `status` = 1 AND ( `parent_cid` = 13 OR `cid` = 13 ) ORDER BY updated desc  [ RunTime:0.000000s ]
SQL: SHOW COLUMNS FROM `products` [ RunTime:0.002000s ]
SQL: SELECT * FROM `products` WHERE `status` = 1 AND ( `parent_cid` = 14 OR `cid` = 14 ) ORDER BY updated desc  [ RunTime:0.001000s ]
INFO: [ view_parse ] --START--
INFO: [ template_filter ] --START--
INFO: Run Behavior\ContentReplaceBehavior [ RunTime:0.000000s ]
INFO: [ template_filter ] --END-- [ RunTime:0.001000s ]
INFO: Run Behavior\ParseTemplateBehavior [ RunTime:0.028002s ]
INFO: [ view_parse ] --END-- [ RunTime:0.029002s ]
INFO: [ view_filter ] --START--
INFO: Run Behavior\WriteHtmlCacheBehavior [ RunTime:0.000000s ]
INFO: [ view_filter ] --END-- [ RunTime:0.000000s ]
INFO: [ app_end ] --START--
INFO: Run Behavior\ShowPageTraceBehavior [ RunTime:0.001000s ]
INFO: [ app_end ] --END-- [ RunTime:0.001000s ]

[ 2015-03-10T19:32:02+08:00 ] 127.0.0.1 /
INFO: [ app_init ] --START--
INFO: Run Behavior\BuildLiteBehavior [ RunTime:0.000000s ]
INFO: [ app_init ] --END-- [ RunTime:0.000000s ]
INFO: [ app_begin ] --START--
INFO: Run Behavior\ReadHtmlCacheBehavior [ RunTime:0.000000s ]
INFO: [ app_begin ] --END-- [ RunTime:0.000000s ]
NOTIC: [8192] mysql_connect(): The mysql extension is deprecated and will be removed in the future: use mysqli or PDO instead F:\wamp\www\tp_ubive\ThinkPHP\Library\Think\Db\Driver\Mysql.class.php 第 52 行.
SQL: SHOW COLUMNS FROM `index` [ RunTime:0.002000s ]
ERR: 1146:Table 'cmeal.index' doesn't exist
 [ SQL语句 ] : SHOW COLUMNS FROM `index`
SQL: SHOW COLUMNS FROM `ads` [ RunTime:0.002000s ]
SQL: SELECT * FROM `ads` WHERE ( status=1 ) ORDER BY updated LIMIT 5   [ RunTime:0.000000s ]
SQL: SHOW COLUMNS FROM `categories` [ RunTime:0.002000s ]
SQL: SELECT * FROM `categories` WHERE ( status=1 ) ORDER BY sort_weight  [ RunTime:0.000000s ]
SQL: SHOW COLUMNS FROM `products` [ RunTime:0.003000s ]
SQL: SELECT * FROM `products` WHERE `status` = 1 AND ( `parent_cid` = 1 OR `cid` = 1 ) ORDER BY updated desc  [ RunTime:0.000000s ]
SQL: SHOW COLUMNS FROM `products` [ RunTime:0.003001s ]
SQL: SELECT * FROM `products` WHERE `status` = 1 AND ( `parent_cid` = 5 OR `cid` = 5 ) ORDER BY updated desc  [ RunTime:0.000000s ]
SQL: SHOW COLUMNS FROM `products` [ RunTime:0.003000s ]
SQL: SELECT * FROM `products` WHERE `status` = 1 AND ( `parent_cid` = 4 OR `cid` = 4 ) ORDER BY updated desc  [ RunTime:0.001000s ]
SQL: SHOW COLUMNS FROM `products` [ RunTime:0.004000s ]
SQL: SELECT * FROM `products` WHERE `status` = 1 AND ( `parent_cid` = 9 OR `cid` = 9 ) ORDER BY updated desc  [ RunTime:0.000000s ]
SQL: SHOW COLUMNS FROM `products` [ RunTime:0.003001s ]
SQL: SELECT * FROM `products` WHERE `status` = 1 AND ( `parent_cid` = 10 OR `cid` = 10 ) ORDER BY updated desc  [ RunTime:0.000000s ]
SQL: SHOW COLUMNS FROM `products` [ RunTime:0.003000s ]
SQL: SELECT * FROM `products` WHERE `status` = 1 AND ( `parent_cid` = 11 OR `cid` = 11 ) ORDER BY updated desc  [ RunTime:0.001000s ]
SQL: SHOW COLUMNS FROM `products` [ RunTime:0.005000s ]
SQL: SELECT * FROM `products` WHERE `status` = 1 AND ( `parent_cid` = 12 OR `cid` = 12 ) ORDER BY updated desc  [ RunTime:0.001001s ]
SQL: SHOW COLUMNS FROM `products` [ RunTime:0.003000s ]
SQL: SELECT * FROM `products` WHERE `status` = 1 AND ( `parent_cid` = 13 OR `cid` = 13 ) ORDER BY updated desc  [ RunTime:0.000000s ]
SQL: SHOW COLUMNS FROM `products` [ RunTime:0.002000s ]
SQL: SELECT * FROM `products` WHERE `status` = 1 AND ( `parent_cid` = 14 OR `cid` = 14 ) ORDER BY updated desc  [ RunTime:0.001000s ]
INFO: [ view_parse ] --START--
INFO: [ template_filter ] --START--
INFO: Run Behavior\ContentReplaceBehavior [ RunTime:0.000000s ]
INFO: [ template_filter ] --END-- [ RunTime:0.000000s ]
INFO: Run Behavior\ParseTemplateBehavior [ RunTime:0.029002s ]
INFO: [ view_parse ] --END-- [ RunTime:0.029002s ]
INFO: [ view_filter ] --START--
INFO: Run Behavior\WriteHtmlCacheBehavior [ RunTime:0.000000s ]
INFO: [ view_filter ] --END-- [ RunTime:0.000000s ]
INFO: [ app_end ] --START--
INFO: Run Behavior\ShowPageTraceBehavior [ RunTime:0.000000s ]
INFO: [ app_end ] --END-- [ RunTime:0.002000s ]

[ 2015-03-10T19:32:02+08:00 ] 127.0.0.1 /
INFO: [ app_init ] --START--
INFO: Run Behavior\BuildLiteBehavior [ RunTime:0.000000s ]
INFO: [ app_init ] --END-- [ RunTime:0.001000s ]
INFO: [ app_begin ] --START--
INFO: Run Behavior\ReadHtmlCacheBehavior [ RunTime:0.000000s ]
INFO: [ app_begin ] --END-- [ RunTime:0.001000s ]
NOTIC: [8192] mysql_connect(): The mysql extension is deprecated and will be removed in the future: use mysqli or PDO instead F:\wamp\www\tp_ubive\ThinkPHP\Library\Think\Db\Driver\Mysql.class.php 第 52 行.
SQL: SHOW COLUMNS FROM `index` [ RunTime:0.002000s ]
ERR: 1146:Table 'cmeal.index' doesn't exist
 [ SQL语句 ] : SHOW COLUMNS FROM `index`
SQL: SHOW COLUMNS FROM `ads` [ RunTime:0.005000s ]
SQL: SELECT * FROM `ads` WHERE ( status=1 ) ORDER BY updated LIMIT 5   [ RunTime:0.000000s ]
SQL: SHOW COLUMNS FROM `categories` [ RunTime:0.003000s ]
SQL: SELECT * FROM `categories` WHERE ( status=1 ) ORDER BY sort_weight  [ RunTime:0.001000s ]
SQL: SHOW COLUMNS FROM `products` [ RunTime:0.003000s ]
SQL: SELECT * FROM `products` WHERE `status` = 1 AND ( `parent_cid` = 1 OR `cid` = 1 ) ORDER BY updated desc  [ RunTime:0.000000s ]
SQL: SHOW COLUMNS FROM `products` [ RunTime:0.005000s ]
SQL: SELECT * FROM `products` WHERE `status` = 1 AND ( `parent_cid` = 5 OR `cid` = 5 ) ORDER BY updated desc  [ RunTime:0.000000s ]
SQL: SHOW COLUMNS FROM `products` [ RunTime:0.004000s ]
SQL: SELECT * FROM `products` WHERE `status` = 1 AND ( `parent_cid` = 4 OR `cid` = 4 ) ORDER BY updated desc  [ RunTime:0.000000s ]
SQL: SHOW COLUMNS FROM `products` [ RunTime:0.004000s ]
SQL: SELECT * FROM `products` WHERE `status` = 1 AND ( `parent_cid` = 9 OR `cid` = 9 ) ORDER BY updated desc  [ RunTime:0.001000s ]
SQL: SHOW COLUMNS FROM `products` [ RunTime:0.003000s ]
SQL: SELECT * FROM `products` WHERE `status` = 1 AND ( `parent_cid` = 10 OR `cid` = 10 ) ORDER BY updated desc  [ RunTime:0.000000s ]
SQL: SHOW COLUMNS FROM `products` [ RunTime:0.003000s ]
SQL: SELECT * FROM `products` WHERE `status` = 1 AND ( `parent_cid` = 11 OR `cid` = 11 ) ORDER BY updated desc  [ RunTime:0.000000s ]
SQL: SHOW COLUMNS FROM `products` [ RunTime:0.004000s ]
SQL: SELECT * FROM `products` WHERE `status` = 1 AND ( `parent_cid` = 12 OR `cid` = 12 ) ORDER BY updated desc  [ RunTime:0.001000s ]
SQL: SHOW COLUMNS FROM `products` [ RunTime:0.003000s ]
SQL: SELECT * FROM `products` WHERE `status` = 1 AND ( `parent_cid` = 13 OR `cid` = 13 ) ORDER BY updated desc  [ RunTime:0.000000s ]
SQL: SHOW COLUMNS FROM `products` [ RunTime:0.003001s ]
SQL: SELECT * FROM `products` WHERE `status` = 1 AND ( `parent_cid` = 14 OR `cid` = 14 ) ORDER BY updated desc  [ RunTime:0.001000s ]
INFO: [ view_parse ] --START--
INFO: [ template_filter ] --START--
INFO: Run Behavior\ContentReplaceBehavior [ RunTime:0.000000s ]
INFO: [ template_filter ] --END-- [ RunTime:0.001000s ]
INFO: Run Behavior\ParseTemplateBehavior [ RunTime:0.030002s ]
INFO: [ view_parse ] --END-- [ RunTime:0.030002s ]
INFO: [ view_filter ] --START--
INFO: Run Behavior\WriteHtmlCacheBehavior [ RunTime:0.000000s ]
INFO: [ view_filter ] --END-- [ RunTime:0.001000s ]
INFO: [ app_end ] --START--
INFO: Run Behavior\ShowPageTraceBehavior [ RunTime:0.001000s ]
INFO: [ app_end ] --END-- [ RunTime:0.001000s ]

[ 2015-03-10T19:32:03+08:00 ] 127.0.0.1 /index.php
INFO: [ app_init ] --START--
INFO: Run Behavior\BuildLiteBehavior [ RunTime:0.000000s ]
INFO: [ app_init ] --END-- [ RunTime:0.001000s ]
INFO: [ app_begin ] --START--
INFO: Run Behavior\ReadHtmlCacheBehavior [ RunTime:0.001000s ]
INFO: [ app_begin ] --END-- [ RunTime:0.001000s ]
NOTIC: [8192] mysql_connect(): The mysql extension is deprecated and will be removed in the future: use mysqli or PDO instead F:\wamp\www\tp_ubive\ThinkPHP\Library\Think\Db\Driver\Mysql.class.php 第 52 行.
SQL: SHOW COLUMNS FROM `index` [ RunTime:0.004001s ]
ERR: 1146:Table 'cmeal.index' doesn't exist
 [ SQL语句 ] : SHOW COLUMNS FROM `index`
SQL: SHOW COLUMNS FROM `ads` [ RunTime:0.002000s ]
SQL: SELECT * FROM `ads` WHERE ( status=1 ) ORDER BY updated LIMIT 5   [ RunTime:0.001000s ]
SQL: SHOW COLUMNS FROM `categories` [ RunTime:0.003000s ]
SQL: SELECT * FROM `categories` WHERE ( status=1 ) ORDER BY sort_weight  [ RunTime:0.001000s ]
SQL: SHOW COLUMNS FROM `products` [ RunTime:0.004000s ]
SQL: SELECT * FROM `products` WHERE `status` = 1 AND ( `parent_cid` = 1 OR `cid` = 1 ) ORDER BY updated desc  [ RunTime:0.000000s ]
SQL: SHOW COLUMNS FROM `products` [ RunTime:0.004001s ]
SQL: SELECT * FROM `products` WHERE `status` = 1 AND ( `parent_cid` = 5 OR `cid` = 5 ) ORDER BY updated desc  [ RunTime:0.000000s ]
SQL: SHOW COLUMNS FROM `products` [ RunTime:0.003000s ]
SQL: SELECT * FROM `products` WHERE `status` = 1 AND ( `parent_cid` = 4 OR `cid` = 4 ) ORDER BY updated desc  [ RunTime:0.001000s ]
SQL: SHOW COLUMNS FROM `products` [ RunTime:0.003000s ]
SQL: SELECT * FROM `products` WHERE `status` = 1 AND ( `parent_cid` = 9 OR `cid` = 9 ) ORDER BY updated desc  [ RunTime:0.001000s ]
SQL: SHOW COLUMNS FROM `products` [ RunTime:0.003000s ]
SQL: SELECT * FROM `products` WHERE `status` = 1 AND ( `parent_cid` = 10 OR `cid` = 10 ) ORDER BY updated desc  [ RunTime:0.000000s ]
SQL: SHOW COLUMNS FROM `products` [ RunTime:0.003000s ]
SQL: SELECT * FROM `products` WHERE `status` = 1 AND ( `parent_cid` = 11 OR `cid` = 11 ) ORDER BY updated desc  [ RunTime:0.001000s ]
SQL: SHOW COLUMNS FROM `products` [ RunTime:0.003000s ]
SQL: SELECT * FROM `products` WHERE `status` = 1 AND ( `parent_cid` = 12 OR `cid` = 12 ) ORDER BY updated desc  [ RunTime:0.000000s ]
SQL: SHOW COLUMNS FROM `products` [ RunTime:0.003000s ]
SQL: SELECT * FROM `products` WHERE `status` = 1 AND ( `parent_cid` = 13 OR `cid` = 13 ) ORDER BY updated desc  [ RunTime:0.000000s ]
SQL: SHOW COLUMNS FROM `products` [ RunTime:0.003001s ]
SQL: SELECT * FROM `products` WHERE `status` = 1 AND ( `parent_cid` = 14 OR `cid` = 14 ) ORDER BY updated desc  [ RunTime:0.000000s ]
INFO: [ view_parse ] --START--
INFO: [ template_filter ] --START--
INFO: Run Behavior\ContentReplaceBehavior [ RunTime:0.001000s ]
INFO: [ template_filter ] --END-- [ RunTime:0.001000s ]
INFO: Run Behavior\ParseTemplateBehavior [ RunTime:0.028001s ]
INFO: [ view_parse ] --END-- [ RunTime:0.028001s ]
INFO: [ view_filter ] --START--
INFO: Run Behavior\WriteHtmlCacheBehavior [ RunTime:0.001000s ]
INFO: [ view_filter ] --END-- [ RunTime:0.001000s ]
INFO: [ app_end ] --START--
INFO: Run Behavior\ShowPageTraceBehavior [ RunTime:0.001000s ]
INFO: [ app_end ] --END-- [ RunTime:0.002000s ]

